{"logTime": "0905/221547", "correlationVector":"jt609dXWTV6nk3qTefLO3U.0","action":"FeedSettingFetch_homeCloud", "result":"0", "context":{}}
{"logTime": "0905/221547", "correlationVector":"+itXRqu8vv6DmEUEgZhVE1.1","action":"SyncServerConnectionManagerRequest", "result":"SYNC_SERVER_OK", "context":{"environment":"Prod_SoutheastAsia_000j", "migrationStage":"NotStarted", "server":"GENERAL0100001H"}}
{"logTime": "0905/221547", "correlationVector":"+itXRqu8vv6DmEUEgZhVE1","action":"Initial GetUpdates", "result":"", "context":Reason: NEW_CLIENT. cV=+itXRqu8vv6DmEUEgZhVE1}
{"logTime": "0905/221547", "correlationVector":"+itXRqu8vv6DmEUEgZhVE1.2","action":"GetUpdates Response", "result":"SYNCER_OK", "context":Received 1 update(s). cV=+itXRqu8vv6DmEUEgZhVE1.0;server=GENERAL0100001H;cloudType=Consumer;environment=Prod_SoutheastAsia_000j;migrationStage=NotStarted}
{"logTime": "0905/221550", "correlationVector":"U8xTE4VgJn3n+30qPGQvsP","action":"SyncServerConnectionManagerRequest", "result":"SYNC_SERVER_OK", "context":{"environment":"", "migrationStage":"", "server":""}}
{"logTime": "0905/221550", "correlationVector":"lOKCyBrOnLG+BH6A8kSW6x","action":"Initial GetUpdates", "result":"", "context":Reason: NEW_CLIENT. cV=lOKCyBrOnLG+BH6A8kSW6x}
{"logTime": "0905/221550", "correlationVector":"lOKCyBrOnLG+BH6A8kSW6x.1","action":"SyncServerConnectionManagerRequest", "result":"SYNC_SERVER_OK", "context":{"environment":"Prod_SoutheastAsia_000j", "migrationStage":"NotStarted", "server":"GENERAL0100001H"}}
{"logTime": "0905/221550", "correlationVector":"lOKCyBrOnLG+BH6A8kSW6x.2","action":"GetUpdates Response", "result":"SYNCER_OK", "context":Received 6 update(s). cV=lOKCyBrOnLG+BH6A8kSW6x.0;server=GENERAL0100001H;cloudType=Consumer;environment=Prod_SoutheastAsia_000j;migrationStage=NotStarted}
{"logTime": "0905/221550", "correlationVector":"H/YeKba+FaCiEt+SJAU6kZ","action":"Normal GetUpdate request", "result":"", "context":cV=H/YeKba+FaCiEt+SJAU6kZ
Nudged types: Device Info, User Consents
Refresh requested types: Device Info, User Consents, Send Tab To Self, Encryption Keys}
{"logTime": "0905/221551", "correlationVector":"H/YeKba+FaCiEt+SJAU6kZ.1","action":"SyncServerConnectionManagerRequest", "result":"SYNC_SERVER_OK", "context":{"environment":"Prod_SoutheastAsia_000j", "migrationStage":"NotStarted", "server":"GENERAL0100001D"}}
{"logTime": "0905/221551", "correlationVector":"H/YeKba+FaCiEt+SJAU6kZ.2","action":"GetUpdates Response", "result":"SYNCER_OK", "context":Received 0 update(s). cV=H/YeKba+FaCiEt+SJAU6kZ.0;server=GENERAL0100001D;cloudType=Consumer;environment=Prod_SoutheastAsia_000j;migrationStage=NotStarted}
{"logTime": "0905/221551", "correlationVector":"h58hv7JqDvpHLJSPqqH+Z2","action":"Commit Request", "result":"", "context":Item count: 1
Contributing types: Device Info}
{"logTime": "0905/221555", "correlationVector":"h58hv7JqDvpHLJSPqqH+Z2.1","action":"SyncServerConnectionManagerRequest", "result":"SYNC_SERVER_OK", "context":{"environment":"Prod_SoutheastAsia_000j", "migrationStage":"NotStarted", "server":"GENERAL0100000O"}}
{"logTime": "0905/221555", "correlationVector":"h58hv7JqDvpHLJSPqqH+Z2.2","action":"Commit Response", "result":"SYNCER_OK", "context":Result: SYNCER_OK. cV=h58hv7JqDvpHLJSPqqH+Z2.0;server=GENERAL0100000O;cloudType=Consumer;environment=Prod_SoutheastAsia_000j;migrationStage=NotStarted}
{"logTime": "0905/221555", "correlationVector":"1dZt3tf3X3cPdlYZS/4mJN","action":"Commit Request", "result":"", "context":Item count: 2
Contributing types: User Consents}
{"logTime": "0905/221557", "correlationVector":"1dZt3tf3X3cPdlYZS/4mJN.1","action":"SyncServerConnectionManagerRequest", "result":"SYNC_SERVER_OK", "context":{"environment":"Prod_SoutheastAsia_000j", "migrationStage":"NotStarted", "server":"GENERAL01000013"}}
{"logTime": "0905/221557", "correlationVector":"1dZt3tf3X3cPdlYZS/4mJN.2","action":"Commit Response", "result":"SYNCER_OK", "context":Result: SYNCER_OK. cV=1dZt3tf3X3cPdlYZS/4mJN.0;server=GENERAL01000013;cloudType=Consumer;environment=Prod_SoutheastAsia_000j;migrationStage=NotStarted}
{"logTime": "0906/104743", "correlationVector":"ndtTr3QnWsAS2sm0V8738e.0","action":"FeedSettingFetch_homeCloud", "result":"0", "context":{}}
{"logTime": "0906/104743", "correlationVector":"ndtTr3QnWsAS2sm0V8738e.0","action":"SyncServerConnectionManagerRequest", "result":"SYNC_SERVER_OK", "context":{"environment":"", "migrationStage":"", "server":""}}
{"logTime": "0906/104743", "correlationVector":"0Uzfa/o5M9FsFqFe5e6mSH.1","action":"SyncServerConnectionManagerRequest", "result":"SYNC_SERVER_OK", "context":{"environment":"Prod_SoutheastAsia_000j", "migrationStage":"NotStarted", "server":"GENERAL0100000J"}}
{"logTime": "0906/104743", "correlationVector":"0Uzfa/o5M9FsFqFe5e6mSH","action":"Initial GetUpdates", "result":"", "context":Reason: NEW_CLIENT. cV=0Uzfa/o5M9FsFqFe5e6mSH}
{"logTime": "0906/104743", "correlationVector":"0Uzfa/o5M9FsFqFe5e6mSH.2","action":"GetUpdates Response", "result":"SYNCER_OK", "context":Received 1 update(s). cV=0Uzfa/o5M9FsFqFe5e6mSH.0;server=GENERAL0100000J;cloudType=Consumer;environment=Prod_SoutheastAsia_000j;migrationStage=NotStarted}
{"logTime": "0906/104743", "correlationVector":"H8NIAddweFaK9ysf3H2DAU","action":"Normal GetUpdate request", "result":"", "context":cV=H8NIAddweFaK9ysf3H2DAU
Nudged types: User Consents
Refresh requested types: Device Info, User Consents, Send Tab To Self, Encryption Keys}
{"logTime": "0906/104743", "correlationVector":"H8NIAddweFaK9ysf3H2DAU.1","action":"SyncServerConnectionManagerRequest", "result":"SYNC_SERVER_OK", "context":{"environment":"Prod_SoutheastAsia_000j", "migrationStage":"NotStarted", "server":"GENERAL0100000L"}}
{"logTime": "0906/104743", "correlationVector":"H8NIAddweFaK9ysf3H2DAU.2","action":"GetUpdates Response", "result":"SYNCER_OK", "context":Received 1 update(s). cV=H8NIAddweFaK9ysf3H2DAU.0;server=GENERAL0100000L;cloudType=Consumer;environment=Prod_SoutheastAsia_000j;migrationStage=NotStarted}
{"logTime": "0906/104743", "correlationVector":"8oGbwYmyrbP86xz9NCX3DN","action":"Commit Request", "result":"", "context":Item count: 1
Contributing types: User Consents}
{"logTime": "0906/104743", "correlationVector":"8oGbwYmyrbP86xz9NCX3DN.1","action":"SyncServerConnectionManagerRequest", "result":"SYNC_SERVER_OK", "context":{"environment":"Prod_SoutheastAsia_000j", "migrationStage":"NotStarted", "server":"GENERAL0100000A"}}
{"logTime": "0906/104743", "correlationVector":"8oGbwYmyrbP86xz9NCX3DN.2","action":"Commit Response", "result":"SYNCER_OK", "context":Result: SYNCER_OK. cV=8oGbwYmyrbP86xz9NCX3DN.0;server=GENERAL0100000A;cloudType=Consumer;environment=Prod_SoutheastAsia_000j;migrationStage=NotStarted}
{"logTime": "0906/104743", "correlationVector":"TWHLb1qwkOYfDunarrYEjC","action":"Poll GetUpdate request", "result":"", "context":cV=TWHLb1qwkOYfDunarrYEjC}
{"logTime": "0906/104744", "correlationVector":"TWHLb1qwkOYfDunarrYEjC.1","action":"SyncServerConnectionManagerRequest", "result":"SYNC_SERVER_OK", "context":{"environment":"Prod_SoutheastAsia_000j", "migrationStage":"NotStarted", "server":"general01000014"}}
{"logTime": "0906/104744", "correlationVector":"TWHLb1qwkOYfDunarrYEjC.2","action":"GetUpdates Response", "result":"SYNCER_OK", "context":Received 0 update(s). cV=TWHLb1qwkOYfDunarrYEjC.0;server=general01000014;cloudType=Consumer;environment=Prod_SoutheastAsia_000j;migrationStage=NotStarted}
{"logTime": "0906/104744", "correlationVector":"Mbq+jMn4/NZd06o8j/Dyv7","action":"Initial GetUpdates", "result":"", "context":Reason: RECONFIGURATION. cV=Mbq+jMn4/NZd06o8j/Dyv7}
{"logTime": "0906/104745", "correlationVector":"Mbq+jMn4/NZd06o8j/Dyv7.1","action":"SyncServerConnectionManagerRequest", "result":"SYNC_SERVER_OK", "context":{"environment":"Prod_SoutheastAsia_000j", "migrationStage":"NotStarted", "server":"GENERAL01000013"}}
{"logTime": "0906/104745", "correlationVector":"Mbq+jMn4/NZd06o8j/Dyv7.2","action":"GetUpdates Response", "result":"SYNCER_OK", "context":Received 37 update(s). cV=Mbq+jMn4/NZd06o8j/Dyv7.0;server=GENERAL01000013;cloudType=Consumer;environment=Prod_SoutheastAsia_000j;migrationStage=NotStarted}
{"logTime": "0906/104745", "correlationVector":"smrZqTX4O74NJ6sEBdh6pp","action":"Initial GetUpdates", "result":"", "context":Reason: RECONFIGURATION. cV=smrZqTX4O74NJ6sEBdh6pp}
{"logTime": "0906/104746", "correlationVector":"smrZqTX4O74NJ6sEBdh6pp.1","action":"SyncServerConnectionManagerRequest", "result":"SYNC_SERVER_OK", "context":{"environment":"Prod_SoutheastAsia_000j", "migrationStage":"NotStarted", "server":"GENERAL0100000Z"}}
{"logTime": "0906/104746", "correlationVector":"smrZqTX4O74NJ6sEBdh6pp.2","action":"GetUpdates Response", "result":"SYNCER_OK", "context":Received 8 update(s). cV=smrZqTX4O74NJ6sEBdh6pp.0;server=GENERAL0100000Z;cloudType=Consumer;environment=Prod_SoutheastAsia_000j;migrationStage=NotStarted}
{"logTime": "0906/104746", "correlationVector":"FgJBDaFST0a8ZoKqT3tTNl","action":"Initial GetUpdates", "result":"", "context":Reason: RECONFIGURATION. cV=FgJBDaFST0a8ZoKqT3tTNl}
{"logTime": "0906/104747", "correlationVector":"FgJBDaFST0a8ZoKqT3tTNl.1","action":"SyncServerConnectionManagerRequest", "result":"SYNC_SERVER_OK", "context":{"environment":"Prod_SoutheastAsia_000j", "migrationStage":"NotStarted", "server":"GENERAL01000003"}}
{"logTime": "0906/104747", "correlationVector":"FgJBDaFST0a8ZoKqT3tTNl.2","action":"GetUpdates", "result":"DeleteReceived", "context":{"id":"12895470-56a2-489b-8fca-9385ad9378b8", "isDeleted:":"true", "version":"1680354468183"}}
{"logTime": "0906/104747", "correlationVector":"FgJBDaFST0a8ZoKqT3tTNl.3","action":"GetUpdates", "result":"DeleteReceived", "context":{"id":"ee3d6336-f614-4258-a311-057a28abc6fe", "isDeleted:":"true", "version":"1691959304490"}}
{"logTime": "0906/104747", "correlationVector":"FgJBDaFST0a8ZoKqT3tTNl.4","action":"GetUpdates", "result":"DeleteReceived", "context":{"id":"53ca0f63-2153-4aa6-abb2-4f84e8e2b141", "isDeleted:":"true", "version":"1691959304491"}}
{"logTime": "0906/104747", "correlationVector":"FgJBDaFST0a8ZoKqT3tTNl.5","action":"GetUpdates", "result":"DeleteReceived", "context":{"id":"6b9692cf-89c2-4228-aac7-c47be60b55e5", "isDeleted:":"true", "version":"1691959304492"}}
{"logTime": "0906/104747", "correlationVector":"FgJBDaFST0a8ZoKqT3tTNl.6","action":"GetUpdates", "result":"DeleteReceived", "context":{"id":"188dbb8e-42bf-4aa6-8561-cec4e44c6fe8", "isDeleted:":"true", "version":"1691959304493"}}
{"logTime": "0906/104747", "correlationVector":"FgJBDaFST0a8ZoKqT3tTNl.7","action":"GetUpdates", "result":"DeleteReceived", "context":{"id":"b3138bef-c111-4b46-8c5a-2389ea569f86", "isDeleted:":"true", "version":"1691959304494"}}
{"logTime": "0906/104747", "correlationVector":"FgJBDaFST0a8ZoKqT3tTNl.8","action":"GetUpdates", "result":"DeleteReceived", "context":{"id":"e023a9c8-0dc8-4036-ae9b-c55d44fe2bdd", "isDeleted:":"true", "version":"1691959304495"}}
{"logTime": "0906/104747", "correlationVector":"FgJBDaFST0a8ZoKqT3tTNl.9","action":"GetUpdates", "result":"DeleteReceived", "context":{"id":"4141d72e-38cb-4432-aa4e-454a6d81c58c", "isDeleted:":"true", "version":"1686298775283"}}
{"logTime": "0906/104747", "correlationVector":"FgJBDaFST0a8ZoKqT3tTNl.10","action":"GetUpdates", "result":"DeleteReceived", "context":{"id":"56c169fc-c202-4f78-a546-1f5ebc5caf5b", "isDeleted:":"true", "version":"1686362741535"}}
{"logTime": "0906/104747", "correlationVector":"FgJBDaFST0a8ZoKqT3tTNl.11","action":"GetUpdates", "result":"DeleteReceived", "context":{"id":"296f0ee9-632f-47e5-8189-263862aaf575", "isDeleted:":"true", "version":"1686892983230"}}
{"logTime": "0906/104747", "correlationVector":"FgJBDaFST0a8ZoKqT3tTNl.12","action":"GetUpdates", "result":"DeleteReceived", "context":{"id":"e5d19955-d55a-485b-b020-ee2989bbec2c", "isDeleted:":"true", "version":"1686893056489"}}
{"logTime": "0906/104747", "correlationVector":"FgJBDaFST0a8ZoKqT3tTNl.13","action":"GetUpdates", "result":"DeleteReceived", "context":{"id":"6137045a-252c-47e4-99da-32e73b0d09d0", "isDeleted:":"true", "version":"1686893056490"}}
{"logTime": "0906/104747", "correlationVector":"FgJBDaFST0a8ZoKqT3tTNl.14","action":"GetUpdates", "result":"DeleteReceived", "context":{"id":"75b2dbca-8afe-41ce-bea1-6e9dd5866518", "isDeleted:":"true", "version":"1686915716673"}}
{"logTime": "0906/104747", "correlationVector":"FgJBDaFST0a8ZoKqT3tTNl.15","action":"GetUpdates", "result":"DeleteReceived", "context":{"id":"535fb865-24db-47f2-b272-0c1ef21367f8", "isDeleted:":"true", "version":"1686915716674"}}
{"logTime": "0906/104747", "correlationVector":"FgJBDaFST0a8ZoKqT3tTNl.16","action":"GetUpdates", "result":"DeleteReceived", "context":{"id":"b5690e24-ef5e-4799-8068-5b19414b41f7", "isDeleted:":"true", "version":"1687273894168"}}
{"logTime": "0906/104747", "correlationVector":"FgJBDaFST0a8ZoKqT3tTNl.17","action":"GetUpdates", "result":"DeleteReceived", "context":{"id":"48254ae8-0494-48c2-8a19-060c615d0694", "isDeleted:":"true", "version":"1687273894169"}}
{"logTime": "0906/104747", "correlationVector":"FgJBDaFST0a8ZoKqT3tTNl.18","action":"GetUpdates", "result":"DeleteReceived", "context":{"id":"7c565acc-79bb-4384-ad3a-3254f273a3d8", "isDeleted:":"true", "version":"1688548428354"}}
{"logTime": "0906/104747", "correlationVector":"FgJBDaFST0a8ZoKqT3tTNl.19","action":"GetUpdates", "result":"DeleteReceived", "context":{"id":"60971c6d-bf60-46ff-9d64-9bf52dd26364", "isDeleted:":"true", "version":"1688562143774"}}
{"logTime": "0906/104747", "correlationVector":"FgJBDaFST0a8ZoKqT3tTNl.20","action":"GetUpdates", "result":"DeleteReceived", "context":{"id":"3d2efb96-a735-447c-8ec5-ce5508363103", "isDeleted:":"true", "version":"1689632120105"}}
{"logTime": "0906/104747", "correlationVector":"FgJBDaFST0a8ZoKqT3tTNl.21","action":"GetUpdates", "result":"DeleteReceived", "context":{"id":"66e7b1db-2356-40dc-8920-a53bc7b9904e", "isDeleted:":"true", "version":"1689886553543"}}
{"logTime": "0906/104747", "correlationVector":"FgJBDaFST0a8ZoKqT3tTNl.22","action":"GetUpdates", "result":"DeleteReceived", "context":{"id":"eb50beed-9593-44d8-8a96-b13bca31c5ce", "isDeleted:":"true", "version":"1689886553544"}}
{"logTime": "0906/104747", "correlationVector":"FgJBDaFST0a8ZoKqT3tTNl.23","action":"GetUpdates", "result":"DeleteReceived", "context":{"id":"e3bf971a-c0f9-4df3-843e-fed933bb31c8", "isDeleted:":"true", "version":"1690028739073"}}
{"logTime": "0906/104747", "correlationVector":"FgJBDaFST0a8ZoKqT3tTNl.24","action":"GetUpdates", "result":"DeleteReceived", "context":{"id":"07faa702-8311-4a17-95f7-c703b8579ea7", "isDeleted:":"true", "version":"1690114550635"}}
{"logTime": "0906/104747", "correlationVector":"FgJBDaFST0a8ZoKqT3tTNl.25","action":"GetUpdates", "result":"DeleteReceived", "context":{"id":"0cb87b8b-ee06-443c-a622-478cf75a2e7e", "isDeleted:":"true", "version":"1690116052266"}}
{"logTime": "0906/104747", "correlationVector":"FgJBDaFST0a8ZoKqT3tTNl.26","action":"GetUpdates", "result":"DeleteReceived", "context":{"id":"b498a7ff-6ab2-49d7-8368-050d9a7e531e", "isDeleted:":"true", "version":"1690116130761"}}
{"logTime": "0906/104747", "correlationVector":"FgJBDaFST0a8ZoKqT3tTNl.27","action":"GetUpdates", "result":"DeleteReceived", "context":{"id":"eb27c1bc-7f04-4228-9f2f-a80006afa6e5", "isDeleted:":"true", "version":"1690116315949"}}
{"logTime": "0906/104747", "correlationVector":"FgJBDaFST0a8ZoKqT3tTNl.28","action":"GetUpdates", "result":"DeleteReceived", "context":{"id":"91be6eab-9335-4929-a36b-60e0462f1994", "isDeleted:":"true", "version":"1690142672611"}}
{"logTime": "0906/104747", "correlationVector":"FgJBDaFST0a8ZoKqT3tTNl.29","action":"GetUpdates", "result":"DeleteReceived", "context":{"id":"1688b07a-59df-4713-b8d0-2e505a7b1a4b", "isDeleted:":"true", "version":"1690182539775"}}
{"logTime": "0906/104747", "correlationVector":"FgJBDaFST0a8ZoKqT3tTNl.30","action":"GetUpdates", "result":"DeleteReceived", "context":{"id":"831b9b53-c302-47ff-adca-826c693d048a", "isDeleted:":"true", "version":"1690182539776"}}
{"logTime": "0906/104747", "correlationVector":"FgJBDaFST0a8ZoKqT3tTNl.31","action":"GetUpdates", "result":"DeleteReceived", "context":{"id":"8ee577a6-5faa-4782-ade8-5a6a35ae4c47", "isDeleted:":"true", "version":"1690183013704"}}
{"logTime": "0906/104747", "correlationVector":"FgJBDaFST0a8ZoKqT3tTNl.32","action":"GetUpdates", "result":"DeleteReceived", "context":{"id":"b08158d6-91b5-4be7-96fd-a75e595dfffa", "isDeleted:":"true", "version":"1690183915604"}}
{"logTime": "0906/104747", "correlationVector":"FgJBDaFST0a8ZoKqT3tTNl.33","action":"GetUpdates", "result":"DeleteReceived", "context":{"id":"3fb53325-a802-4ecd-8f5d-15578ad37d6d", "isDeleted:":"true", "version":"1690186325050"}}
{"logTime": "0906/104747", "correlationVector":"FgJBDaFST0a8ZoKqT3tTNl.34","action":"GetUpdates", "result":"DeleteReceived", "context":{"id":"8c1eda9f-c7b4-4971-a5c8-a7333ed7ff89", "isDeleted:":"true", "version":"1690186325051"}}
{"logTime": "0906/104747", "correlationVector":"FgJBDaFST0a8ZoKqT3tTNl.35","action":"GetUpdates", "result":"DeleteReceived", "context":{"id":"341198b1-df67-4804-ae67-367453c6c38e", "isDeleted:":"true", "version":"1690217595502"}}
{"logTime": "0906/104747", "correlationVector":"FgJBDaFST0a8ZoKqT3tTNl.36","action":"GetUpdates", "result":"DeleteReceived", "context":{"id":"279892e5-9857-4052-8ed1-37b8a19c6783", "isDeleted:":"true", "version":"1690242367651"}}
{"logTime": "0906/104747", "correlationVector":"FgJBDaFST0a8ZoKqT3tTNl.37","action":"GetUpdates", "result":"DeleteReceived", "context":{"id":"408ee0b6-3991-49af-b095-a8c8c4fcdc16", "isDeleted:":"true", "version":"1690260836217"}}
{"logTime": "0906/104747", "correlationVector":"FgJBDaFST0a8ZoKqT3tTNl.38","action":"GetUpdates", "result":"DeleteReceived", "context":{"id":"56990031-d5ac-40df-a48f-c1c440226a43", "isDeleted:":"true", "version":"1690268077277"}}
{"logTime": "0906/104747", "correlationVector":"FgJBDaFST0a8ZoKqT3tTNl.39","action":"GetUpdates", "result":"DeleteReceived", "context":{"id":"e240e829-16bc-4f25-8656-6770308af8de", "isDeleted:":"true", "version":"1690279011705"}}
{"logTime": "0906/104747", "correlationVector":"FgJBDaFST0a8ZoKqT3tTNl.40","action":"GetUpdates", "result":"DeleteReceived", "context":{"id":"742c8ef6-becb-4932-adc4-b88b0d6175ee", "isDeleted:":"true", "version":"1690279085443"}}
{"logTime": "0906/104747", "correlationVector":"FgJBDaFST0a8ZoKqT3tTNl.41","action":"GetUpdates", "result":"DeleteReceived", "context":{"id":"ca3453ba-b40b-403f-80a2-01b5ff7ef6fe", "isDeleted:":"true", "version":"1690279085444"}}
{"logTime": "0906/104747", "correlationVector":"FgJBDaFST0a8ZoKqT3tTNl.42","action":"GetUpdates", "result":"DeleteReceived", "context":{"id":"87824ad0-0f63-4d32-b393-483cf65500fb", "isDeleted:":"true", "version":"1690302571982"}}
{"logTime": "0906/104747", "correlationVector":"FgJBDaFST0a8ZoKqT3tTNl.43","action":"GetUpdates", "result":"DeleteReceived", "context":{"id":"76d1e957-b041-4e86-b802-4fc8b4126dc3", "isDeleted:":"true", "version":"1690380325228"}}
{"logTime": "0906/104747", "correlationVector":"FgJBDaFST0a8ZoKqT3tTNl.44","action":"GetUpdates", "result":"DeleteReceived", "context":{"id":"0c51a732-a34a-4ec8-8b8e-12f5593b3cc1", "isDeleted:":"true", "version":"1690380325229"}}
{"logTime": "0906/104747", "correlationVector":"FgJBDaFST0a8ZoKqT3tTNl.45","action":"GetUpdates", "result":"DeleteReceived", "context":{"id":"cf7e9aec-9a85-4639-998e-e6fe026cfa13", "isDeleted:":"true", "version":"1690436083009"}}
{"logTime": "0906/104747", "correlationVector":"FgJBDaFST0a8ZoKqT3tTNl.46","action":"GetUpdates", "result":"DeleteReceived", "context":{"id":"c7268cef-c7b7-4a3d-aea2-978f220246bb", "isDeleted:":"true", "version":"1690436136735"}}
{"logTime": "0906/104747", "correlationVector":"FgJBDaFST0a8ZoKqT3tTNl.47","action":"GetUpdates", "result":"DeleteReceived", "context":{"id":"fa7902fb-e5f8-46ca-9b4f-7eb45694f45e", "isDeleted:":"true", "version":"1690436136736"}}
{"logTime": "0906/104747", "correlationVector":"FgJBDaFST0a8ZoKqT3tTNl.48","action":"GetUpdates", "result":"DeleteReceived", "context":{"id":"7c0d4ff1-820e-4943-b571-2330783c20e7", "isDeleted:":"true", "version":"1691355367840"}}
{"logTime": "0906/104747", "correlationVector":"FgJBDaFST0a8ZoKqT3tTNl.49","action":"GetUpdates", "result":"DeleteReceived", "context":{"id":"69d5d507-d1f0-4107-a081-1296803b2d33", "isDeleted:":"true", "version":"1691524495458"}}
{"logTime": "0906/104747", "correlationVector":"FgJBDaFST0a8ZoKqT3tTNl.50","action":"GetUpdates", "result":"DeleteReceived", "context":{"id":"de5fcd6f-98ee-49d0-8eeb-2eb8e556e224", "isDeleted:":"true", "version":"1691605197214"}}
{"logTime": "0906/104747", "correlationVector":"FgJBDaFST0a8ZoKqT3tTNl.51","action":"GetUpdates", "result":"DeleteReceived", "context":{"id":"28d6dfb3-1c85-4246-b896-468aff7958e7", "isDeleted:":"true", "version":"1691659963742"}}
{"logTime": "0906/104747", "correlationVector":"FgJBDaFST0a8ZoKqT3tTNl.52","action":"GetUpdates", "result":"DeleteReceived", "context":{"id":"4df1f960-8232-4231-94ee-a9e8cf78a552", "isDeleted:":"true", "version":"1691869032647"}}
{"logTime": "0906/104747", "correlationVector":"FgJBDaFST0a8ZoKqT3tTNl.53","action":"GetUpdates", "result":"DeleteReceived", "context":{"id":"069f7457-fd32-438e-9662-766a7109f4b2", "isDeleted:":"true", "version":"1691869560734"}}
{"logTime": "0906/104747", "correlationVector":"FgJBDaFST0a8ZoKqT3tTNl.54","action":"GetUpdates", "result":"DeleteReceived", "context":{"id":"5e69d546-b918-40b4-ad48-f2c642266200", "isDeleted:":"true", "version":"1691888249972"}}
{"logTime": "0906/104747", "correlationVector":"FgJBDaFST0a8ZoKqT3tTNl.55","action":"GetUpdates", "result":"DeleteReceived", "context":{"id":"a94c4575-b0c8-41c5-9e18-32cc04e2d191", "isDeleted:":"true", "version":"1691888249973"}}
{"logTime": "0906/104747", "correlationVector":"FgJBDaFST0a8ZoKqT3tTNl.56","action":"GetUpdates", "result":"DeleteReceived", "context":{"id":"59526305-34b5-4e74-948a-461e840a6ee9", "isDeleted:":"true", "version":"1691888249975"}}
{"logTime": "0906/104747", "correlationVector":"FgJBDaFST0a8ZoKqT3tTNl.57","action":"GetUpdates", "result":"DeleteReceived", "context":{"id":"8bef4603-f66c-4b16-95e9-450576340d3d", "isDeleted:":"true", "version":"1691926464551"}}
{"logTime": "0906/104747", "correlationVector":"FgJBDaFST0a8ZoKqT3tTNl.58","action":"GetUpdates", "result":"DeleteReceived", "context":{"id":"3fd23d07-da0e-42dc-9143-bf0fb7821f3b", "isDeleted:":"true", "version":"1691926537248"}}
{"logTime": "0906/104747", "correlationVector":"FgJBDaFST0a8ZoKqT3tTNl.59","action":"GetUpdates", "result":"DeleteReceived", "context":{"id":"4339b3ed-10ce-47d0-98b2-3cd6e1327b6b", "isDeleted:":"true", "version":"1691928747703"}}
{"logTime": "0906/104747", "correlationVector":"FgJBDaFST0a8ZoKqT3tTNl.60","action":"GetUpdates", "result":"DeleteReceived", "context":{"id":"3e7122fa-2c6a-424c-8bc0-0ec1d9e6cfd6", "isDeleted:":"true", "version":"1691939970740"}}
{"logTime": "0906/104747", "correlationVector":"FgJBDaFST0a8ZoKqT3tTNl.61","action":"GetUpdates", "result":"DeleteReceived", "context":{"id":"4f52e2a1-ccf7-48c1-b596-70f9e0a1b586", "isDeleted:":"true", "version":"1691944392851"}}
{"logTime": "0906/104747", "correlationVector":"FgJBDaFST0a8ZoKqT3tTNl.62","action":"GetUpdates", "result":"DeleteReceived", "context":{"id":"5bba5c9f-d10d-4a9a-ad20-cdc2b25894a2", "isDeleted:":"true", "version":"1691957027649"}}
{"logTime": "0906/104747", "correlationVector":"FgJBDaFST0a8ZoKqT3tTNl.63","action":"GetUpdates", "result":"DeleteReceived", "context":{"id":"90d834c5-c6f6-43a3-8f0f-181793a61d9f", "isDeleted:":"true", "version":"1691957575064"}}
{"logTime": "0906/104747", "correlationVector":"FgJBDaFST0a8ZoKqT3tTNl.64","action":"GetUpdates", "result":"DeleteReceived", "context":{"id":"afb6702d-3987-4731-831e-019277adbc73", "isDeleted:":"true", "version":"1691957626006"}}
{"logTime": "0906/104747", "correlationVector":"FgJBDaFST0a8ZoKqT3tTNl.65","action":"GetUpdates", "result":"DeleteReceived", "context":{"id":"04d86f89-b12a-4275-99b5-f496bebb460e", "isDeleted:":"true", "version":"1691958886665"}}
{"logTime": "0906/104747", "correlationVector":"FgJBDaFST0a8ZoKqT3tTNl.66","action":"GetUpdates", "result":"DeleteReceived", "context":{"id":"ba4a01c7-3f5d-4a31-a19b-2528153e2a7e", "isDeleted:":"true", "version":"1691959045070"}}
{"logTime": "0906/104747", "correlationVector":"FgJBDaFST0a8ZoKqT3tTNl.67","action":"GetUpdates", "result":"DeleteReceived", "context":{"id":"a3ed9d12-37e7-4090-9e33-bf8c36658649", "isDeleted:":"true", "version":"1691959045072"}}
{"logTime": "0906/104747", "correlationVector":"FgJBDaFST0a8ZoKqT3tTNl.68","action":"GetUpdates", "result":"DeleteReceived", "context":{"id":"ffadfddc-abd9-4826-90ce-d7eb025739ae", "isDeleted:":"true", "version":"1691959308497"}}
{"logTime": "0906/104747", "correlationVector":"FgJBDaFST0a8ZoKqT3tTNl.69","action":"GetUpdates", "result":"DeleteReceived", "context":{"id":"c6a9a004-3821-4be1-83a7-beb48c43dec9", "isDeleted:":"true", "version":"1692050920706"}}
{"logTime": "0906/104747", "correlationVector":"FgJBDaFST0a8ZoKqT3tTNl.70","action":"GetUpdates", "result":"DeleteReceived", "context":{"id":"44cab1a6-ddcb-4de9-a180-da9aa7523201", "isDeleted:":"true", "version":"1692054725217"}}
{"logTime": "0906/104747", "correlationVector":"FgJBDaFST0a8ZoKqT3tTNl.71","action":"GetUpdates", "result":"DeleteReceived", "context":{"id":"eb5a2021-345a-4d04-b82f-0f803981d75e", "isDeleted:":"true", "version":"1692055855079"}}
{"logTime": "0906/104747", "correlationVector":"FgJBDaFST0a8ZoKqT3tTNl.72","action":"GetUpdates", "result":"DeleteReceived", "context":{"id":"0c21de15-04a9-4f2f-bfe2-409821747651", "isDeleted:":"true", "version":"1692056921045"}}
{"logTime": "0906/104747", "correlationVector":"FgJBDaFST0a8ZoKqT3tTNl.73","action":"GetUpdates", "result":"DeleteReceived", "context":{"id":"ed599046-ca8f-4df3-b50c-8bef2c28d4fe", "isDeleted:":"true", "version":"1692061643963"}}
{"logTime": "0906/104747", "correlationVector":"FgJBDaFST0a8ZoKqT3tTNl.74","action":"GetUpdates", "result":"DeleteReceived", "context":{"id":"56bd8061-a58f-42df-8eb4-1932f67d9a73", "isDeleted:":"true", "version":"1692089521343"}}
{"logTime": "0906/104747", "correlationVector":"FgJBDaFST0a8ZoKqT3tTNl.75","action":"GetUpdates", "result":"DeleteReceived", "context":{"id":"e81c1196-b281-49fa-a1c2-be2587eab0a7", "isDeleted:":"true", "version":"1692089521344"}}
{"logTime": "0906/104747", "correlationVector":"FgJBDaFST0a8ZoKqT3tTNl.76","action":"GetUpdates", "result":"DeleteReceived", "context":{"id":"dd3c5724-37b6-4044-876d-1f698026baac", "isDeleted:":"true", "version":"1692089521345"}}
{"logTime": "0906/104747", "correlationVector":"FgJBDaFST0a8ZoKqT3tTNl.77","action":"GetUpdates", "result":"DeleteReceived", "context":{"id":"6e441880-0fd9-485c-bfdf-d60fc1dc1bb1", "isDeleted:":"true", "version":"1692091466905"}}
{"logTime": "0906/104747", "correlationVector":"FgJBDaFST0a8ZoKqT3tTNl.78","action":"GetUpdates", "result":"DeleteReceived", "context":{"id":"e75d2266-f249-404e-96b0-c4d38a6529d5", "isDeleted:":"true", "version":"1692608310330"}}
{"logTime": "0906/104747", "correlationVector":"FgJBDaFST0a8ZoKqT3tTNl.79","action":"GetUpdates", "result":"DeleteReceived", "context":{"id":"57ba8983-72dd-4665-88e9-87a2321ac5c8", "isDeleted:":"true", "version":"1693269398570"}}
{"logTime": "0906/104747", "correlationVector":"FgJBDaFST0a8ZoKqT3tTNl.80","action":"GetUpdates", "result":"DeleteReceived", "context":{"id":"dbf4fa1c-01f6-4bcc-b96d-1699683bd338", "isDeleted:":"true", "version":"1693315568844"}}
{"logTime": "0906/104747", "correlationVector":"FgJBDaFST0a8ZoKqT3tTNl.81","action":"GetUpdates", "result":"DeleteReceived", "context":{"id":"ca8e9239-08cb-4a9e-8aea-8ed397ce6bb9", "isDeleted:":"true", "version":"1693315568845"}}
{"logTime": "0906/104747", "correlationVector":"FgJBDaFST0a8ZoKqT3tTNl.82","action":"GetUpdates", "result":"DeleteReceived", "context":{"id":"d50e02c8-acbe-4024-8b30-abc69fe3854f", "isDeleted:":"true", "version":"1693315568847"}}
{"logTime": "0906/104747", "correlationVector":"FgJBDaFST0a8ZoKqT3tTNl.83","action":"GetUpdates", "result":"DeleteReceived", "context":{"id":"25f644ba-39b4-4ed6-9db1-badc20aaf4b3", "isDeleted:":"true", "version":"1693328460138"}}
{"logTime": "0906/104747", "correlationVector":"FgJBDaFST0a8ZoKqT3tTNl.84","action":"GetUpdates", "result":"DeleteReceived", "context":{"id":"ffa3c633-ca68-4b41-9b02-06226819a249", "isDeleted:":"true", "version":"1693724383408"}}
{"logTime": "0906/104747", "correlationVector":"FgJBDaFST0a8ZoKqT3tTNl.85","action":"GetUpdates", "result":"DeleteReceived", "context":{"id":"7aee6fcf-83b9-467f-9070-604b1c9b5387", "isDeleted:":"true", "version":"1693724383410"}}
{"logTime": "0906/104747", "correlationVector":"FgJBDaFST0a8ZoKqT3tTNl.86","action":"GetUpdates", "result":"DeleteReceived", "context":{"id":"cf06b658-9a78-4af0-9596-afb29412c23f", "isDeleted:":"true", "version":"1693724552135"}}
{"logTime": "0906/104747", "correlationVector":"FgJBDaFST0a8ZoKqT3tTNl.87","action":"GetUpdates", "result":"DeleteReceived", "context":{"id":"b6847983-b725-47aa-a03e-57b2e922957f", "isDeleted:":"true", "version":"1693724896382"}}
{"logTime": "0906/104747", "correlationVector":"FgJBDaFST0a8ZoKqT3tTNl.88","action":"GetUpdates", "result":"DeleteReceived", "context":{"id":"74da5eb3-d6a9-41be-b83d-b66530fe6dbd", "isDeleted:":"true", "version":"1693724911335"}}
{"logTime": "0906/104747", "correlationVector":"FgJBDaFST0a8ZoKqT3tTNl.89","action":"GetUpdates", "result":"DeleteReceived", "context":{"id":"107ebcca-9d2e-4018-972d-efaa23958b88", "isDeleted:":"true", "version":"1693819859770"}}
{"logTime": "0906/104747", "correlationVector":"FgJBDaFST0a8ZoKqT3tTNl.90","action":"GetUpdates", "result":"DeleteReceived", "context":{"id":"e9817e82-4071-4338-b51a-9d27132656d5", "isDeleted:":"true", "version":"1693940709305"}}
{"logTime": "0906/104747", "correlationVector":"FgJBDaFST0a8ZoKqT3tTNl.91","action":"GetUpdates Response", "result":"SYNCER_OK", "context":Received 155 update(s). cV=FgJBDaFST0a8ZoKqT3tTNl.0;server=GENERAL01000003;cloudType=Consumer;environment=Prod_SoutheastAsia_000j;migrationStage=NotStarted}
{"logTime": "0906/104747", "correlationVector":"j1yALGq4NwgxLk2QnpVlqd","action":"Normal GetUpdate request", "result":"", "context":cV=j1yALGq4NwgxLk2QnpVlqd
Nudged types: Sessions, Device Info
Refresh requested types: Bookmarks, Preferences, Passwords, Autofill Profiles, Autofill, Autofill Custom Data, Typed URLs, Extensions, Sessions, Extension settings, History Delete Directives, Device Info, User Consents, Send Tab To Self, Web Apps, Collection, Edge E Drop, Edge Hub App Usage, Encryption Keys}
{"logTime": "0906/104748", "correlationVector":"j1yALGq4NwgxLk2QnpVlqd.1","action":"SyncServerConnectionManagerRequest", "result":"SYNC_SERVER_OK", "context":{"environment":"Prod_SoutheastAsia_000j", "migrationStage":"NotStarted", "server":"GENERAL0100001H"}}
{"logTime": "0906/104748", "correlationVector":"j1yALGq4NwgxLk2QnpVlqd.2","action":"GetUpdates Response", "result":"SYNCER_OK", "context":Received 0 update(s). cV=j1yALGq4NwgxLk2QnpVlqd.0;server=GENERAL0100001H;cloudType=Consumer;environment=Prod_SoutheastAsia_000j;migrationStage=NotStarted}
{"logTime": "0906/104748", "correlationVector":"KKBXG5nX6+4GF5M+Ni3e+r","action":"Commit Request", "result":"", "context":Item count: 1
Contributing types: Device Info}
{"logTime": "0906/104749", "correlationVector":"KKBXG5nX6+4GF5M+Ni3e+r.1","action":"SyncServerConnectionManagerRequest", "result":"SYNC_SERVER_OK", "context":{"environment":"Prod_SoutheastAsia_000j", "migrationStage":"NotStarted", "server":"GENERAL0100000H"}}
{"logTime": "0906/104749", "correlationVector":"KKBXG5nX6+4GF5M+Ni3e+r.2","action":"Commit Response", "result":"SYNCER_OK", "context":Result: SYNCER_OK. cV=KKBXG5nX6+4GF5M+Ni3e+r.0;server=GENERAL0100000H;cloudType=Consumer;environment=Prod_SoutheastAsia_000j;migrationStage=NotStarted}
{"logTime": "0906/104749", "correlationVector":"NlLCQ1oxH2moMNFo2psrB+","action":"Commit Request", "result":"", "context":Item count: 2
Contributing types: Sessions}
{"logTime": "0906/104750", "correlationVector":"NlLCQ1oxH2moMNFo2psrB+.1","action":"SyncServerConnectionManagerRequest", "result":"SYNC_SERVER_OK", "context":{"environment":"Prod_SoutheastAsia_000j", "migrationStage":"NotStarted", "server":"GENERAL0100000S"}}
{"logTime": "0906/104750", "correlationVector":"NlLCQ1oxH2moMNFo2psrB+.2","action":"Commit Response", "result":"SYNCER_OK", "context":Result: SYNCER_OK. cV=NlLCQ1oxH2moMNFo2psrB+.0;server=GENERAL0100000S;cloudType=Consumer;environment=Prod_SoutheastAsia_000j;migrationStage=NotStarted}
{"logTime": "0906/104823", "correlationVector":"1+TZKP+rY/5Qj1G82crE3N","action":"Commit Request", "result":"", "context":Item count: 1
Contributing types: Sessions}
{"logTime": "0906/104824", "correlationVector":"1+TZKP+rY/5Qj1G82crE3N.1","action":"SyncServerConnectionManagerRequest", "result":"SYNC_SERVER_OK", "context":{"environment":"Prod_SoutheastAsia_000j", "migrationStage":"NotStarted", "server":"GENERAL0100001G"}}
{"logTime": "0906/104824", "correlationVector":"1+TZKP+rY/5Qj1G82crE3N.2","action":"Commit Response", "result":"SYNCER_OK", "context":Result: SYNCER_OK. cV=1+TZKP+rY/5Qj1G82crE3N.0;server=GENERAL0100001G;cloudType=Consumer;environment=Prod_SoutheastAsia_000j;migrationStage=NotStarted}
{"logTime": "0906/104941", "correlationVector":"sayXRrZeq8VgOLCtIuYGyy","action":"Commit Request", "result":"", "context":Item count: 1
Contributing types: Sessions}
{"logTime": "0906/104942", "correlationVector":"sayXRrZeq8VgOLCtIuYGyy.1","action":"SyncServerConnectionManagerRequest", "result":"SYNC_SERVER_OK", "context":{"environment":"Prod_SoutheastAsia_000j", "migrationStage":"NotStarted", "server":"GENERAL01000006"}}
{"logTime": "0906/104942", "correlationVector":"sayXRrZeq8VgOLCtIuYGyy.2","action":"Commit Response", "result":"SYNCER_OK", "context":Result: SYNCER_OK. cV=sayXRrZeq8VgOLCtIuYGyy.0;server=GENERAL01000006;cloudType=Consumer;environment=Prod_SoutheastAsia_000j;migrationStage=NotStarted}
{"logTime": "0906/105051", "correlationVector":"aRiv83X3nXamn/C9qRf6+C","action":"Commit Request", "result":"", "context":Item count: 1
Contributing types: Sessions}
{"logTime": "0906/105051", "correlationVector":"aRiv83X3nXamn/C9qRf6+C.1","action":"SyncServerConnectionManagerRequest", "result":"SYNC_SERVER_OK", "context":{"environment":"Prod_SoutheastAsia_000j", "migrationStage":"NotStarted", "server":"GENERAL0100001C"}}
{"logTime": "0906/105051", "correlationVector":"aRiv83X3nXamn/C9qRf6+C.2","action":"Commit Response", "result":"SYNCER_OK", "context":Result: SYNCER_OK. cV=aRiv83X3nXamn/C9qRf6+C.0;server=GENERAL0100001C;cloudType=Consumer;environment=Prod_SoutheastAsia_000j;migrationStage=NotStarted}
{"logTime": "0906/105413", "correlationVector":"BLmDXd+mKxKd1LS4SSVh0i","action":"Commit Request", "result":"", "context":Item count: 1
Contributing types: Sessions}
{"logTime": "0906/105414", "correlationVector":"BLmDXd+mKxKd1LS4SSVh0i.1","action":"SyncServerConnectionManagerRequest", "result":"SYNC_SERVER_OK", "context":{"environment":"Prod_SoutheastAsia_000j", "migrationStage":"NotStarted", "server":"GENERAL0100000L"}}
{"logTime": "0906/105414", "correlationVector":"BLmDXd+mKxKd1LS4SSVh0i.2","action":"Commit Response", "result":"SYNCER_OK", "context":Result: SYNCER_OK. cV=BLmDXd+mKxKd1LS4SSVh0i.0;server=GENERAL0100000L;cloudType=Consumer;environment=Prod_SoutheastAsia_000j;migrationStage=NotStarted}
{"logTime": "0909/215338", "correlationVector":"V7Lpm59I0cXLsvuBSmwn8Z.0","action":"SyncServerConnectionManagerRequest", "result":"SYNC_SERVER_OK", "context":{"environment":"", "migrationStage":"", "server":""}}
{"logTime": "0909/215338", "correlationVector":"V7Lpm59I0cXLsvuBSmwn8Z.0","action":"FeedSettingFetch_homeCloud", "result":"0", "context":{}}
{"logTime": "0909/215338", "correlationVector":"29gz7ce1A5BfJNrkfNR4X5.1","action":"SyncServerConnectionManagerRequest", "result":"SYNC_SERVER_OK", "context":{"environment":"Prod_SoutheastAsia_000j", "migrationStage":"NotStarted", "server":"GENERAL01000016"}}
{"logTime": "0909/215338", "correlationVector":"29gz7ce1A5BfJNrkfNR4X5","action":"Initial GetUpdates", "result":"", "context":Reason: NEW_CLIENT. cV=29gz7ce1A5BfJNrkfNR4X5}
{"logTime": "0909/215338", "correlationVector":"29gz7ce1A5BfJNrkfNR4X5.2","action":"GetUpdates Response", "result":"SYNCER_OK", "context":Received 1 update(s). cV=29gz7ce1A5BfJNrkfNR4X5.0;server=GENERAL01000016;cloudType=Consumer;environment=Prod_SoutheastAsia_000j;migrationStage=NotStarted}
{"logTime": "0909/215338", "correlationVector":"7lgrxgrPfHAEZLhNwpfOmL","action":"Initial GetUpdates", "result":"", "context":Reason: NEWLY_SUPPORTED_DATATYPE. cV=7lgrxgrPfHAEZLhNwpfOmL}
{"logTime": "0909/215338", "correlationVector":"7lgrxgrPfHAEZLhNwpfOmL.1","action":"SyncServerConnectionManagerRequest", "result":"SYNC_SERVER_OK", "context":{"environment":"Prod_SoutheastAsia_000j", "migrationStage":"NotStarted", "server":"GENERAL0100001G"}}
{"logTime": "0909/215338", "correlationVector":"7lgrxgrPfHAEZLhNwpfOmL.2","action":"GetUpdates", "result":"DeleteReceived", "context":{"id":"12895470-56a2-489b-8fca-9385ad9378b8", "isDeleted:":"true", "version":"1680354468183"}}
{"logTime": "0909/215338", "correlationVector":"7lgrxgrPfHAEZLhNwpfOmL.3","action":"GetUpdates Response", "result":"SYNCER_OK", "context":Received 25 update(s). cV=7lgrxgrPfHAEZLhNwpfOmL.0;server=GENERAL0100001G;cloudType=Consumer;environment=Prod_SoutheastAsia_000j;migrationStage=NotStarted}
{"logTime": "0909/215338", "correlationVector":"rwaX3CYWEmbsa8bcEncEHX","action":"Normal GetUpdate request", "result":"", "context":cV=rwaX3CYWEmbsa8bcEncEHX
Nudged types: Sessions, Device Info, User Consents
Refresh requested types: Bookmarks, Preferences, Passwords, Autofill Profiles, Autofill, Autofill Custom Data, Typed URLs, Extensions, Sessions, Extension settings, History Delete Directives, Device Info, User Consents, Send Tab To Self, Web Apps, Collection, Edge E Drop, Edge Hub App Usage, Encryption Keys}
{"logTime": "0909/215338", "correlationVector":"rwaX3CYWEmbsa8bcEncEHX.1","action":"SyncServerConnectionManagerRequest", "result":"SYNC_SERVER_OK", "context":{"environment":"Prod_SoutheastAsia_000j", "migrationStage":"NotStarted", "server":"GENERAL01000016"}}
{"logTime": "0909/215338", "correlationVector":"rwaX3CYWEmbsa8bcEncEHX.2","action":"GetUpdates Response", "result":"SYNCER_OK", "context":Received 3 update(s). cV=rwaX3CYWEmbsa8bcEncEHX.0;server=GENERAL01000016;cloudType=Consumer;environment=Prod_SoutheastAsia_000j;migrationStage=NotStarted}
{"logTime": "0909/215338", "correlationVector":"tUZhLSbEg8AwtCCUzWCbmC","action":"Commit Request", "result":"", "context":Item count: 1
Contributing types: Device Info}
{"logTime": "0909/215339", "correlationVector":"tUZhLSbEg8AwtCCUzWCbmC.1","action":"SyncServerConnectionManagerRequest", "result":"SYNC_SERVER_OK", "context":{"environment":"Prod_SoutheastAsia_000j", "migrationStage":"NotStarted", "server":"GENERAL0100001G"}}
{"logTime": "0909/215339", "correlationVector":"tUZhLSbEg8AwtCCUzWCbmC.2","action":"Commit Response", "result":"SYNCER_OK", "context":Result: SYNCER_OK. cV=tUZhLSbEg8AwtCCUzWCbmC.0;server=GENERAL0100001G;cloudType=Consumer;environment=Prod_SoutheastAsia_000j;migrationStage=NotStarted}
{"logTime": "0909/215339", "correlationVector":"UNy5IaAGQ1gDo83lladnWi","action":"Commit Request", "result":"", "context":Item count: 4
Contributing types: Sessions, User Consents}
{"logTime": "0909/215341", "correlationVector":"UNy5IaAGQ1gDo83lladnWi.1","action":"SyncServerConnectionManagerRequest", "result":"SYNC_SERVER_OK", "context":{"environment":"Prod_SoutheastAsia_000j", "migrationStage":"NotStarted", "server":"GENERAL01000019"}}
{"logTime": "0909/215341", "correlationVector":"UNy5IaAGQ1gDo83lladnWi.3","action":"Commit.Sessions", "result":"Success", "context":{"id":"089467a1-445f-4bb3-82ae-5540f73489af", "isDeleted":"true", "size":"0", "version":"1693997653726"}}
{"logTime": "0909/215341", "correlationVector":"UNy5IaAGQ1gDo83lladnWi.2","action":"Commit Response", "result":"SYNCER_OK", "context":Result: SYNCER_OK. cV=UNy5IaAGQ1gDo83lladnWi.0;server=GENERAL01000019;cloudType=Consumer;environment=Prod_SoutheastAsia_000j;migrationStage=NotStarted}
{"logTime": "0909/215341", "correlationVector":"JhMHvZmX0BPUmF7Nshrki2","action":"Poll GetUpdate request", "result":"", "context":cV=JhMHvZmX0BPUmF7Nshrki2}
{"logTime": "0909/215343", "correlationVector":"JhMHvZmX0BPUmF7Nshrki2.1","action":"SyncServerConnectionManagerRequest", "result":"SYNC_SERVER_OK", "context":{"environment":"Prod_SoutheastAsia_000j", "migrationStage":"NotStarted", "server":"GENERAL0100000T"}}
{"logTime": "0909/215343", "correlationVector":"JhMHvZmX0BPUmF7Nshrki2.2","action":"GetUpdates", "result":"DeleteReceived", "context":{"id":"089467a1-445f-4bb3-82ae-5540f73489af", "isDeleted:":"true", "version":"1694296421674"}}
{"logTime": "0909/215343", "correlationVector":"JhMHvZmX0BPUmF7Nshrki2.3","action":"GetUpdates Response", "result":"SYNCER_OK", "context":Received 4 update(s). cV=JhMHvZmX0BPUmF7Nshrki2.0;server=GENERAL0100000T;cloudType=Consumer;environment=Prod_SoutheastAsia_000j;migrationStage=NotStarted}
{"logTime": "0909/215344", "correlationVector":"QYyWBN5zWQlX0q/afBiRTY","action":"Normal GetUpdate request", "result":"", "context":cV=QYyWBN5zWQlX0q/afBiRTY
Nudged types: Sessions, Device Info}
{"logTime": "0909/215345", "correlationVector":"QYyWBN5zWQlX0q/afBiRTY.1","action":"SyncServerConnectionManagerRequest", "result":"SYNC_SERVER_OK", "context":{"environment":"Prod_SoutheastAsia_000j", "migrationStage":"NotStarted", "server":"GENERAL0100000H"}}
{"logTime": "0909/215345", "correlationVector":"QYyWBN5zWQlX0q/afBiRTY.2","action":"GetUpdates Response", "result":"SYNCER_OK", "context":Received 0 update(s). cV=QYyWBN5zWQlX0q/afBiRTY.0;server=GENERAL0100000H;cloudType=Consumer;environment=Prod_SoutheastAsia_000j;migrationStage=NotStarted}
